[2026-01-06T08:07:49.211+0000] {manager.py:469} INFO - Processing files using up to 2 processes at a time 
[2026-01-06T08:07:49.213+0000] {manager.py:470} INFO - Process each file at most once every 30 seconds
[2026-01-06T08:07:49.214+0000] {manager.py:471} INFO - Checking for new files in /opt/airflow/dags every 300 seconds
[2026-01-06T08:07:49.215+0000] {manager.py:738} INFO - Searching for files in /opt/airflow/dags
[2026-01-06T08:07:49.242+0000] {manager.py:741} INFO - There are 1 files in /opt/airflow/dags
[2026-01-06T08:07:49.346+0000] {manager.py:879} INFO - 
================================================================================
DAG File Processing Stats

File Path                                     PID  Runtime      # DAGs    # Errors  Last Runtime    Last Run
------------------------------------------  -----  ---------  --------  ----------  --------------  ----------
/opt/airflow/dags/census_databricks_etl.py    209  0.03s             0           0
================================================================================
[2026-01-06T08:08:19.718+0000] {manager.py:879} INFO - 
================================================================================
DAG File Processing Stats

File Path                                     PID  Runtime      # DAGs    # Errors  Last Runtime    Last Run
------------------------------------------  -----  ---------  --------  ----------  --------------  -------------------
/opt/airflow/dags/census_databricks_etl.py    214  0.01s             1           0  0.35s           2026-01-06T08:07:49
================================================================================
[2026-01-06T08:08:50.241+0000] {manager.py:879} INFO - 
================================================================================
DAG File Processing Stats

File Path                                     PID  Runtime      # DAGs    # Errors  Last Runtime    Last Run
------------------------------------------  -----  ---------  --------  ----------  --------------  -------------------
/opt/airflow/dags/census_databricks_etl.py    219  0.01s             1           0  0.23s           2026-01-06T08:08:19
================================================================================
[2026-01-06T08:09:20.541+0000] {manager.py:879} INFO - 
================================================================================
DAG File Processing Stats

File Path                                     PID  Runtime      # DAGs    # Errors  Last Runtime    Last Run
------------------------------------------  -----  ---------  --------  ----------  --------------  -------------------
/opt/airflow/dags/census_databricks_etl.py    224  0.01s             1           0  0.20s           2026-01-06T08:08:50
================================================================================
[2026-01-06T08:09:50.821+0000] {manager.py:879} INFO - 
================================================================================
DAG File Processing Stats

File Path                                     PID  Runtime      # DAGs    # Errors  Last Runtime    Last Run
------------------------------------------  -----  ---------  --------  ----------  --------------  -------------------
/opt/airflow/dags/census_databricks_etl.py    229  0.00s             1           0  0.18s           2026-01-06T08:09:20
================================================================================
[2026-01-06T08:10:21.133+0000] {manager.py:879} INFO - 
================================================================================
DAG File Processing Stats

File Path                                     PID  Runtime      # DAGs    # Errors  Last Runtime    Last Run
------------------------------------------  -----  ---------  --------  ----------  --------------  -------------------
/opt/airflow/dags/census_databricks_etl.py    234  0.00s             1           0  0.14s           2026-01-06T08:09:50
================================================================================
[2026-01-06T08:10:51.532+0000] {manager.py:879} INFO - 
================================================================================
DAG File Processing Stats

File Path                                     PID  Runtime      # DAGs    # Errors  Last Runtime    Last Run
------------------------------------------  -----  ---------  --------  ----------  --------------  -------------------
/opt/airflow/dags/census_databricks_etl.py    239  0.01s             1           0  0.15s           2026-01-06T08:10:21
================================================================================
[2026-01-06T08:11:21.839+0000] {manager.py:879} INFO - 
================================================================================
DAG File Processing Stats

File Path                                     PID  Runtime      # DAGs    # Errors  Last Runtime    Last Run
------------------------------------------  -----  ---------  --------  ----------  --------------  -------------------
/opt/airflow/dags/census_databricks_etl.py    244  0.01s             1           0  0.20s           2026-01-06T08:10:51
================================================================================
[2026-01-06T08:11:52.323+0000] {manager.py:879} INFO - 
================================================================================
DAG File Processing Stats

File Path                                     PID  Runtime      # DAGs    # Errors  Last Runtime    Last Run
------------------------------------------  -----  ---------  --------  ----------  --------------  -------------------
/opt/airflow/dags/census_databricks_etl.py    253  0.00s             1           0  0.21s           2026-01-06T08:11:22
================================================================================
[2026-01-06T08:12:15.685+0000] {manager.py:451} INFO - Exiting gracefully upon receiving signal 15
