[2026-01-06T08:11:23.337+0000] {taskinstance.py:1956} INFO - Dependencies all met for dep_context=non-requeueable deps ti=<TaskInstance: census_databricks_etl.run_databricks_etl manual__2026-01-06T08:11:21.655607+00:00 [queued]>
[2026-01-06T08:11:23.360+0000] {taskinstance.py:1956} INFO - Dependencies all met for dep_context=requeueable deps ti=<TaskInstance: census_databricks_etl.run_databricks_etl manual__2026-01-06T08:11:21.655607+00:00 [queued]>
[2026-01-06T08:11:23.363+0000] {taskinstance.py:2170} INFO - Starting attempt 1 of 2
[2026-01-06T08:11:23.389+0000] {taskinstance.py:2191} INFO - Executing <Task(DatabricksRunNowOperator): run_databricks_etl> on 2026-01-06 08:11:21.655607+00:00
[2026-01-06T08:11:23.398+0000] {standard_task_runner.py:60} INFO - Started process 252 to run task
[2026-01-06T08:11:23.402+0000] {standard_task_runner.py:87} INFO - Running: ['***', 'tasks', 'run', 'census_databricks_etl', 'run_databricks_etl', 'manual__2026-01-06T08:11:21.655607+00:00', '--job-id', '3', '--raw', '--subdir', 'DAGS_FOLDER/census_databricks_etl.py', '--cfg-path', '/tmp/tmpkxyp2g07']
[2026-01-06T08:11:23.405+0000] {standard_task_runner.py:88} INFO - Job 3: Subtask run_databricks_etl
[2026-01-06T08:11:23.469+0000] {task_command.py:423} INFO - Running <TaskInstance: census_databricks_etl.run_databricks_etl manual__2026-01-06T08:11:21.655607+00:00 [running]> on host 32b0dcdeb710
[2026-01-06T08:11:23.567+0000] {taskinstance.py:2480} INFO - Exporting env vars: AIRFLOW_CTX_DAG_OWNER='sreejith' AIRFLOW_CTX_DAG_ID='census_databricks_etl' AIRFLOW_CTX_TASK_ID='run_databricks_etl' AIRFLOW_CTX_EXECUTION_DATE='2026-01-06T08:11:21.655607+00:00' AIRFLOW_CTX_TRY_NUMBER='1' AIRFLOW_CTX_DAG_RUN_ID='manual__2026-01-06T08:11:21.655607+00:00'
[2026-01-06T08:11:23.587+0000] {base.py:83} INFO - Using connection ID 'databricks_default' for task execution.
[2026-01-06T08:11:25.151+0000] {databricks.py:66} INFO - Run submitted with run_id: 1055480969008847
[2026-01-06T08:11:27.372+0000] {databricks.py:128} INFO - run_databricks_etl in run state: {'life_cycle_state': 'RUNNING', 'result_state': '', 'state_message': ''}
[2026-01-06T08:11:27.375+0000] {databricks.py:129} INFO - View run status, Spark UI, and logs at https://dbc-b9b93bcc-4c09.cloud.databricks.com/?o=3848211982302017#job/69238265475804/run/1055480969008847
[2026-01-06T08:11:27.377+0000] {databricks.py:130} INFO - Sleeping for 30 seconds.
[2026-01-06T08:11:58.623+0000] {databricks.py:128} INFO - run_databricks_etl in run state: {'life_cycle_state': 'RUNNING', 'result_state': '', 'state_message': ''}
[2026-01-06T08:11:58.627+0000] {databricks.py:129} INFO - View run status, Spark UI, and logs at https://dbc-b9b93bcc-4c09.cloud.databricks.com/?o=3848211982302017#job/69238265475804/run/1055480969008847
[2026-01-06T08:11:58.629+0000] {databricks.py:130} INFO - Sleeping for 30 seconds.
[2026-01-06T08:12:13.774+0000] {local_task_job_runner.py:302} WARNING - State of this instance has been externally set to restarting. Terminating instance.
[2026-01-06T08:12:13.777+0000] {process_utils.py:131} INFO - Sending 15 to group 252. PIDs of all processes in the group: [252]
[2026-01-06T08:12:13.778+0000] {process_utils.py:86} INFO - Sending the signal 15 to group 252
[2026-01-06T08:12:13.779+0000] {taskinstance.py:2450} ERROR - Received SIGTERM. Terminating subprocesses.
[2026-01-06T08:12:14.673+0000] {local_task_job_runner.py:121} ERROR - Received SIGTERM. Terminating subprocesses
[2026-01-06T08:12:14.677+0000] {process_utils.py:131} INFO - Sending 15 to group 252. PIDs of all processes in the group: [252]
[2026-01-06T08:12:14.679+0000] {process_utils.py:86} INFO - Sending the signal 15 to group 252
[2026-01-06T08:12:14.680+0000] {taskinstance.py:2450} ERROR - Received SIGTERM. Terminating subprocesses.
[2026-01-06T08:12:15.799+0000] {databricks.py:947} INFO - Task: run_databricks_etl with run_id: 1055480969008847 was requested to be cancelled.
[2026-01-06T08:12:15.817+0000] {taskinstance.py:2698} ERROR - Task failed with exception
Traceback (most recent call last):
  File "/home/airflow/.local/lib/python3.8/site-packages/airflow/models/taskinstance.py", line 433, in _execute_task
    result = execute_callable(context=context, **execute_callable_kwargs)
  File "/home/airflow/.local/lib/python3.8/site-packages/airflow/providers/databricks/operators/databricks.py", line 922, in execute
    _handle_databricks_operator_execution(self, hook, self.log, context)
  File "/home/airflow/.local/lib/python3.8/site-packages/airflow/providers/databricks/operators/databricks.py", line 131, in _handle_databricks_operator_execution
    time.sleep(operator.polling_period_seconds)
  File "/home/airflow/.local/lib/python3.8/site-packages/airflow/models/taskinstance.py", line 2451, in signal_handler
    self.task.on_kill()
  File "/home/airflow/.local/lib/python3.8/site-packages/airflow/providers/databricks/operators/databricks.py", line 946, in on_kill
    self._hook.cancel_run(self.run_id)
  File "/home/airflow/.local/lib/python3.8/site-packages/airflow/providers/databricks/hooks/databricks.py", line 545, in cancel_run
    self._do_api_call(CANCEL_RUN_ENDPOINT, json)
  File "/home/airflow/.local/lib/python3.8/site-packages/airflow/providers/databricks/hooks/databricks_base.py", line 562, in _do_api_call
    for attempt in self._get_retry_object():
  File "/home/airflow/.local/lib/python3.8/site-packages/tenacity/__init__.py", line 347, in __iter__
    do = self.iter(retry_state=retry_state)
  File "/home/airflow/.local/lib/python3.8/site-packages/tenacity/__init__.py", line 314, in iter
    return fut.result()
  File "/usr/local/lib/python3.8/concurrent/futures/_base.py", line 437, in result
    return self.__get_result()
  File "/usr/local/lib/python3.8/concurrent/futures/_base.py", line 389, in __get_result
    raise self._exception
  File "/home/airflow/.local/lib/python3.8/site-packages/airflow/providers/databricks/hooks/databricks_base.py", line 564, in _do_api_call
    response = request_func(
  File "/home/airflow/.local/lib/python3.8/site-packages/requests/api.py", line 115, in post
    return request("post", url, data=data, json=json, **kwargs)
  File "/home/airflow/.local/lib/python3.8/site-packages/requests/api.py", line 59, in request
    return session.request(method=method, url=url, **kwargs)
  File "/home/airflow/.local/lib/python3.8/site-packages/requests/sessions.py", line 589, in request
    resp = self.send(prep, **send_kwargs)
  File "/home/airflow/.local/lib/python3.8/site-packages/requests/sessions.py", line 703, in send
    r = adapter.send(request, **kwargs)
  File "/home/airflow/.local/lib/python3.8/site-packages/requests/adapters.py", line 486, in send
    resp = conn.urlopen(
  File "/home/airflow/.local/lib/python3.8/site-packages/urllib3/connectionpool.py", line 715, in urlopen
    httplib_response = self._make_request(
  File "/home/airflow/.local/lib/python3.8/site-packages/urllib3/connectionpool.py", line 467, in _make_request
    six.raise_from(e, None)
  File "<string>", line 3, in raise_from
  File "/home/airflow/.local/lib/python3.8/site-packages/urllib3/connectionpool.py", line 462, in _make_request
    httplib_response = conn.getresponse()
  File "/usr/local/lib/python3.8/http/client.py", line 1348, in getresponse
    response.begin()
  File "/usr/local/lib/python3.8/http/client.py", line 316, in begin
    version, status, reason = self._read_status()
  File "/usr/local/lib/python3.8/http/client.py", line 277, in _read_status
    line = str(self.fp.readline(_MAXLINE + 1), "iso-8859-1")
  File "/usr/local/lib/python3.8/socket.py", line 669, in readinto
    return self._sock.recv_into(b)
  File "/usr/local/lib/python3.8/ssl.py", line 1274, in recv_into
    return self.read(nbytes, buffer)
  File "/usr/local/lib/python3.8/ssl.py", line 1132, in read
    return self._sslobj.read(len, buffer)
  File "/home/airflow/.local/lib/python3.8/site-packages/airflow/models/taskinstance.py", line 2452, in signal_handler
    raise AirflowException("Task received SIGTERM signal")
airflow.exceptions.AirflowException: Task received SIGTERM signal
[2026-01-06T08:12:15.833+0000] {taskinstance.py:1138} INFO - Marking task as UP_FOR_RETRY. dag_id=census_databricks_etl, task_id=run_databricks_etl, execution_date=20260106T081121, start_date=20260106T081123, end_date=20260106T081215
[2026-01-06T08:12:15.856+0000] {standard_task_runner.py:107} ERROR - Failed to execute job 3 for task run_databricks_etl (Task received SIGTERM signal; 252)
[2026-01-06T08:12:15.871+0000] {process_utils.py:79} INFO - Process psutil.Process(pid=252, status='terminated', exitcode=1, started='08:11:23') (252) terminated with exit code 1
[2026-01-06T08:12:15.873+0000] {local_task_job_runner.py:234} INFO - Task exited with return code 143
[2026-01-06T08:12:15.916+0000] {taskinstance.py:3280} INFO - 0 downstream tasks scheduled from follow-on schedule check
[2026-01-06T08:12:15.919+0000] {process_utils.py:79} INFO - Process psutil.Process(pid=252, status='terminated', started='08:11:23') (252) terminated with exit code None
